This is e-pTeX, Version 3.14159265-p3.7.1-161114-2.6 (utf8.euc) (TeX Live 2017) (preloaded format=platex 2018.4.12)  23 MAY 2018 13:53
entering extended mode
 restricted \write18 enabled.
 %&-line parsing enabled.
**alogorithm.tex
(/usr/local/texlive/2016/texmf-dist/tex/latex/tools/q.tex
! Interruption.
<to be read again> 
                   \begingroup 
l.1 
    %%
? q
OK, entering \batchmode...
pLaTeX2e <2017/10/28>+4 (based on LaTeX2e <2017-04-15>)
Babel <3.9r> and hyphenation patterns for 84 language(s) loaded.
 File ignored
)
! Emergency stop.
<*> alogorithm.tex
                  
*** (job aborted, no legal \end found)

 
Here is how much of TeX's memory you used:
 8 strings out of 493658
 182 string characters out of 6148933
 54150 words of memory out of 5000000
 3685 multiletter control sequences out of 15000+600000
 7511 words of font info for 31 fonts, out of 8000000 for 9000
 929 hyphenation exceptions out of 8191
 5i,0n,3p,94b,8s stack positions out of 5000i,500n,10000p,200000b,80000s
No pages of output.
